

Microchip MPLAB XC8 Assembler V2.41 build 20230208172133 
                                                                                               Thu Oct 26 15:21:44 2023

Microchip MPLAB XC8 C Compiler v2.41 (Free license) build 20230208172133 Og1 
     1                           	processor	18F4620
     2                           	fnconf	rparam,??,?,0
     3                           	pagewidth 120
     4                           	opt	flic
     5                           	psect	idataCOMRAM,global,class=CODE,delta=1,noexec
     6                           	psect	nvCOMRAM,global,class=COMRAM,space=1,delta=1,lowdata,noexec
     7                           	psect	cinit,global,reloc=2,class=CODE,delta=1
     8                           	psect	bssCOMRAM,global,class=COMRAM,space=1,delta=1,lowdata,noexec
     9                           	psect	dataCOMRAM,global,class=COMRAM,space=1,delta=1,lowdata,noexec
    10                           	psect	cstackCOMRAM,global,class=COMRAM,space=1,delta=1,lowdata,noexec
    11                           	psect	text0,global,reloc=2,class=CODE,delta=1
    12                           	psect	text1,global,reloc=2,class=CODE,delta=1
    13                           	psect	text2,global,reloc=2,class=CODE,delta=1
    14                           	psect	text3,global,reloc=2,class=CODE,delta=1
    15                           	psect	intsave_regs,global,class=BIGRAM,space=1,delta=1,noexec
    16                           	psect	rparam,global,class=COMRAM,space=1,delta=1,noexec
    17                           	psect	config,global,abs,ovrld,class=CONFIG,space=4,delta=1,noexec
    18   000000                     
    19                           ; Generated 23/03/2023 GMT
    20                           ; 
    21                           ; Copyright © 2023, Microchip Technology Inc. and its subsidiaries ("Microchip")
    22                           ; All rights reserved.
    23                           ; 
    24                           ; This software is developed by Microchip Technology Inc. and its subsidiaries ("Microch
      +                          ip").
    25                           ; 
    26                           ; Redistribution and use in source and binary forms, with or without modification, are
    27                           ; permitted provided that the following conditions are met:
    28                           ; 
    29                           ;     1. Redistributions of source code must retain the above copyright notice, this lis
      +                          t of
    30                           ;        conditions and the following disclaimer.
    31                           ; 
    32                           ;     2. Redistributions in binary form must reproduce the above copyright notice, this 
      +                          list
    33                           ;        of conditions and the following disclaimer in the documentation and/or other
    34                           ;        materials provided with the distribution. Publication is not required when
    35                           ;        this file is used in an embedded application.
    36                           ; 
    37                           ;     3. Microchip's name may not be used to endorse or promote products derived from th
      +                          is
    38                           ;        software without specific prior written permission.
    39                           ; 
    40                           ; THIS SOFTWARE IS PROVIDED BY MICROCHIP "AS IS" AND ANY EXPRESS OR IMPLIED WARRANTIES,
    41                           ; INCLUDING, BUT NOT LIMITED TO, THE IMPLIED WARRANTIES OF MERCHANTABILITY AND FITNESS F
      +                          OR
    42                           ; PURPOSE ARE DISCLAIMED.  IN NO EVENT SHALL MICROCHIP BE LIABLE FOR ANY DIRECT, INDIREC
      +                          T,
    43                           ; INCIDENTAL, SPECIAL, EXEMPLARY, OR CONSEQUENTIAL DAMAGES (INCLUDING BUT NOT LIMITED TO
    44                           ; PROCUREMENT OF SUBSTITUTE GOODS OR SERVICES; LOSS OF USE, DATA OR PROFITS; OR BUSINESS
    45                           ; INTERRUPTION) HOWSOEVER CAUSED AND ON ANY THEORY OF LIABILITY, WHETHER IN CONTRACT, ST
      +                          RICT
    46                           ; LIABILITY, OR TORT (INCLUDING NEGLIGENCE OR OTHERWISE) ARISING IN ANY WAY OUT OF THE U
      +                          SE OF
    47                           ; THIS SOFTWARE, EVEN IF ADVISED OF THE POSSIBILITY OF SUCH DAMAGE.
    48                           ; 
    49                           ; 
    50                           ; Code-generator required, PIC18F4620 Definitions
    51                           ; 
    52                           ; SFR Addresses
    53   000000                     
    54                           	psect	idataCOMRAM
    55   00FE90                     __pidataCOMRAM:
    56                           	callstack 0
    57                           
    58                           ;initializer for _Segment_common_cathode
    59   00FE90  3F                 	db	63
    60   00FE91  06                 	db	6
    61   00FE92  5B                 	db	91
    62   00FE93  4F                 	db	79
    63   00FE94  66                 	db	102
    64   00FE95  6D                 	db	109
    65   00FE96  7D                 	db	125
    66   00FE97  07                 	db	7
    67   00FE98  7F                 	db	127
    68   00FE99  6F                 	db	111
    69                           
    70                           ;initializer for _Segment_common_anode
    71   00FE9A  C0                 	db	192
    72   00FE9B  F9                 	db	249
    73   00FE9C  A4                 	db	164
    74   00FE9D  B0                 	db	176
    75   00FE9E  99                 	db	153
    76   00FE9F  92                 	db	146
    77   00FEA0  82                 	db	130
    78   00FEA1  F8                 	db	248
    79   00FEA2  80                 	db	128
    80   00FEA3  90                 	db	144
    81                           
    82                           ;initializer for _port_registers
    83   00FEA4  80                 	db	128
    84   00FEA5  0F                 	db	15
    85   00FEA6  81                 	db	129
    86   00FEA7  0F                 	db	15
    87   00FEA8  82                 	db	130
    88   00FEA9  0F                 	db	15
    89   00FEAA  83                 	db	131
    90   00FEAB  0F                 	db	15
    91   00FEAC  84                 	db	132
    92   00FEAD  0F                 	db	15
    93                           
    94                           ;initializer for _lat_registers
    95   00FEAE  89                 	db	137
    96   00FEAF  0F                 	db	15
    97   00FEB0  8A                 	db	138
    98   00FEB1  0F                 	db	15
    99   00FEB2  8B                 	db	139
   100   00FEB3  0F                 	db	15
   101   00FEB4  8C                 	db	140
   102   00FEB5  0F                 	db	15
   103   00FEB6  8D                 	db	141
   104   00FEB7  0F                 	db	15
   105                           
   106                           ;initializer for _tris_registers
   107   00FEB8  92                 	db	146
   108   00FEB9  0F                 	db	15
   109   00FEBA  93                 	db	147
   110   00FEBB  0F                 	db	15
   111   00FEBC  94                 	db	148
   112   00FEBD  0F                 	db	15
   113   00FEBE  95                 	db	149
   114   00FEBF  0F                 	db	15
   115   00FEC0  96                 	db	150
   116   00FEC1  0F                 	db	15
   117                           
   118                           	psect	nvCOMRAM
   119   000040                     __pnvCOMRAM:
   120                           	callstack 0
   121   000040                     _tens:
   122                           	callstack 0
   123   000040                     	ds	1
   124   000000                     _PORTE	set	3972
   125   000000                     _PORTD	set	3971
   126   000000                     _PORTC	set	3970
   127   000000                     _PORTB	set	3969
   128   000000                     _PORTA	set	3968
   129   000000                     _LATA	set	3977
   130   000000                     _TRISA	set	3986
   131   000000                     _TRISE	set	3990
   132   000000                     _TRISD	set	3989
   133   000000                     _TRISC	set	3988
   134   000000                     _TRISB	set	3987
   135   000000                     _LATE	set	3981
   136   000000                     _LATD	set	3980
   137   000000                     _LATC	set	3979
   138   000000                     _LATB	set	3978
   139                           
   140                           ; #config settings
   141                           
   142                           	psect	cinit
   143   00FEC2                     __pcinit:
   144                           	callstack 0
   145   00FEC2                     start_initialization:
   146                           	callstack 0
   147   00FEC2                     __initialization:
   148                           	callstack 0
   149                           
   150                           ; Initialize objects allocated to COMRAM (50 bytes)
   151                           ; load TBLPTR registers with __pidataCOMRAM
   152   00FEC2  0E90               	movlw	low __pidataCOMRAM
   153   00FEC4  6EF6               	movwf	tblptrl,c
   154   00FEC6  0EFE               	movlw	high __pidataCOMRAM
   155   00FEC8  6EF7               	movwf	tblptrh,c
   156   00FECA  0E00               	movlw	low (__pidataCOMRAM shr (0+16))
   157   00FECC  6EF8               	movwf	tblptru,c
   158   00FECE  EE00  F001         	lfsr	0,__pdataCOMRAM
   159   00FED2  EE10 F032          	lfsr	1,50
   160   00FED6                     copy_data0:
   161   00FED6  0009               	tblrd		*+
   162   00FED8  CFF5 FFEE          	movff	tablat,postinc0
   163   00FEDC  50E5               	movf	postdec1,w,c
   164   00FEDE  50E1               	movf	fsr1l,w,c
   165   00FEE0  E1FA               	bnz	copy_data0
   166                           
   167                           ; Clear objects allocated to COMRAM (8 bytes)
   168   00FEE2  EE00  F033         	lfsr	0,__pbssCOMRAM
   169   00FEE6  0E08               	movlw	8
   170   00FEE8                     clear_0:
   171   00FEE8  6AEE               	clrf	postinc0,c
   172   00FEEA  06E8               	decf	wreg,f,c
   173   00FEEC  E1FD               	bnz	clear_0
   174   00FEEE                     end_of_initialization:
   175                           	callstack 0
   176   00FEEE                     __end_of__initialization:
   177                           	callstack 0
   178   00FEEE  0E00               	movlw	low (__Lmediumconst shr (0+16))
   179   00FEF0  6EF8               	movwf	tblptru,c
   180   00FEF2  0100               	movlb	0
   181   00FEF4  EFCA  F07F         	goto	_main	;jump to C main() function
   182                           
   183                           	psect	bssCOMRAM
   184   000033                     __pbssCOMRAM:
   185                           	callstack 0
   186   000033                     _ones:
   187                           	callstack 0
   188   000033                     	ds	1
   189   000034                     Relay_Turn_OFF@F2885:
   190                           	callstack 0
   191   000034                     	ds	1
   192   000035                     Relay_Turn_ON@F2880:
   193                           	callstack 0
   194   000035                     	ds	1
   195   000036                     Relay_Initialize@F2875:
   196                           	callstack 0
   197   000036                     	ds	1
   198   000037                     led_toggle@F2896:
   199                           	callstack 0
   200   000037                     	ds	1
   201   000038                     led_turn_off@F2891:
   202                           	callstack 0
   203   000038                     	ds	1
   204   000039                     led_turn_on@F2886:
   205                           	callstack 0
   206   000039                     	ds	1
   207   00003A                     led_initialize@F2881:
   208                           	callstack 0
   209   00003A                     	ds	1
   210                           
   211                           	psect	dataCOMRAM
   212   000001                     __pdataCOMRAM:
   213                           	callstack 0
   214   000001                     _Segment_common_cathode:
   215                           	callstack 0
   216   000001                     	ds	10
   217   00000B                     _Segment_common_anode:
   218                           	callstack 0
   219   00000B                     	ds	10
   220   000015                     _port_registers:
   221                           	callstack 0
   222   000015                     	ds	10
   223   00001F                     _lat_registers:
   224                           	callstack 0
   225   00001F                     	ds	10
   226   000029                     _tris_registers:
   227                           	callstack 0
   228   000029                     	ds	10
   229                           
   230                           	psect	cstackCOMRAM
   231   00003B                     __pcstackCOMRAM:
   232                           	callstack 0
   233   00003B                     gpio_port_direction_intialize@direction:
   234                           	callstack 0
   235   00003B                     gpio_port_write_logic@logic:
   236                           	callstack 0
   237                           
   238                           ; 1 bytes @ 0x0
   239   00003B                     	ds	1
   240   00003C                     ??_gpio_port_direction_intialize:
   241   00003C                     ??_gpio_port_write_logic:
   242                           
   243                           ; 1 bytes @ 0x1
   244   00003C                     	ds	2
   245   00003E                     gpio_port_direction_intialize@ret:
   246                           	callstack 0
   247   00003E                     gpio_port_write_logic@ret:
   248                           	callstack 0
   249                           
   250                           ; 1 bytes @ 0x3
   251   00003E                     	ds	1
   252   00003F                     gpio_port_direction_intialize@port:
   253                           	callstack 0
   254   00003F                     gpio_port_write_logic@port:
   255                           	callstack 0
   256                           
   257                           ; 1 bytes @ 0x4
   258   00003F                     	ds	1
   259   000040                     
   260                           ; 1 bytes @ 0x5
   261 ;;
   262 ;;Main: autosize = 0, tempsize = 0, incstack = 0, save=0
   263 ;;
   264 ;; *************** function _main *****************
   265 ;; Defined at:
   266 ;;		line 12 in file "application.c"
   267 ;; Parameters:    Size  Location     Type
   268 ;;		None
   269 ;; Auto vars:     Size  Location     Type
   270 ;;  ret             1    0        unsigned char 
   271 ;; Return value:  Size  Location     Type
   272 ;;                  2  240[None  ] int 
   273 ;; Registers used:
   274 ;;		wreg, fsr2l, fsr2h, status,2, status,0, prodl, prodh, cstack
   275 ;; Tracked objects:
   276 ;;		On entry : 0/0
   277 ;;		On exit  : 0/0
   278 ;;		Unchanged: 0/0
   279 ;; Data sizes:     COMRAM   BANK0   BANK1   BANK2   BANK3   BANK4   BANK5   BANK6   BANK7   BANK8   BANK9  BANK10  BANK1
      +1  BANK12  BANK13  BANK14  BANK15
   280 ;;      Params:         0       0       0       0       0       0       0       0       0       0       0       0       
      +0       0       0       0       0
   281 ;;      Locals:         0       0       0       0       0       0       0       0       0       0       0       0       
      +0       0       0       0       0
   282 ;;      Temps:          0       0       0       0       0       0       0       0       0       0       0       0       
      +0       0       0       0       0
   283 ;;      Totals:         0       0       0       0       0       0       0       0       0       0       0       0       
      +0       0       0       0       0
   284 ;;Total ram usage:        0 bytes
   285 ;; Hardware stack levels required when called: 2
   286 ;; This function calls:
   287 ;;		_application_initialize
   288 ;;		_gpio_port_write_logic
   289 ;; This function is called by:
   290 ;;		Startup code after reset
   291 ;; This function uses a non-reentrant model
   292 ;;
   293                           
   294                           	psect	text0
   295   00FF94                     __ptext0:
   296                           	callstack 0
   297   00FF94                     _main:
   298                           	callstack 29
   299   00FF94                     
   300                           ;application.c: 15: application_initialize();
   301   00FF94  EC33  F07F         	call	_application_initialize	;wreg free
   302   00FF98                     l1355:
   303                           
   304                           ;application.c: 18:     for(tens = 0; tens <10 ; tens++){
   305   00FF98  0E00               	movlw	0
   306   00FF9A  6E40               	movwf	_tens^0,c
   307   00FF9C                     l1361:
   308                           
   309                           ;application.c: 19:         for(ones = 0; ones <10 ; ones++){
   310   00FF9C  0E00               	movlw	0
   311   00FF9E  6E33               	movwf	_ones^0,c
   312   00FFA0                     l1367:
   313   00FFA0  0E0B               	movlw	low _Segment_common_anode
   314   00FFA2  2433               	addwf	_ones^0,w,c
   315   00FFA4  6ED9               	movwf	fsr2l,c
   316   00FFA6  6ADA               	clrf	fsr2h,c
   317   00FFA8  0E00               	movlw	high _Segment_common_anode
   318   00FFAA  22DA               	addwfc	fsr2h,f,c
   319   00FFAC  50DF               	movf	indf2,w,c
   320   00FFAE  6E3B               	movwf	gpio_port_write_logic@logic^0,c
   321   00FFB0  0E03               	movlw	3
   322   00FFB2  EC9F  F07F         	call	_gpio_port_write_logic
   323   00FFB6                     
   324                           ;application.c: 21:         _delay(250);
   325   00FFB6  0E53               	movlw	83
   326   00FFB8                     u657:
   327   00FFB8  2EE8               	decfsz	wreg,f,c
   328   00FFBA  D7FE               	bra	u657
   329   00FFBC  F000               	nop	
   330   00FFBE                     
   331                           ;application.c: 22:         }
   332   00FFBE  2A33               	incf	_ones^0,f,c
   333   00FFC0  0E09               	movlw	9
   334   00FFC2  6433               	cpfsgt	_ones^0,c
   335   00FFC4  EFE6  F07F         	goto	u631
   336   00FFC8  EFE8  F07F         	goto	u630
   337   00FFCC                     u631:
   338   00FFCC  EFD0  F07F         	goto	l1367
   339   00FFD0                     u630:
   340   00FFD0  0E0B               	movlw	low _Segment_common_anode
   341   00FFD2  2440               	addwf	_tens^0,w,c
   342   00FFD4  6ED9               	movwf	fsr2l,c
   343   00FFD6  6ADA               	clrf	fsr2h,c
   344   00FFD8  0E00               	movlw	high _Segment_common_anode
   345   00FFDA  22DA               	addwfc	fsr2h,f,c
   346   00FFDC  50DF               	movf	indf2,w,c
   347   00FFDE  6E3B               	movwf	gpio_port_write_logic@logic^0,c
   348   00FFE0  0E02               	movlw	2
   349   00FFE2  EC9F  F07F         	call	_gpio_port_write_logic
   350   00FFE6                     
   351                           ;application.c: 24:     }
   352   00FFE6  2A40               	incf	_tens^0,f,c
   353   00FFE8  0E09               	movlw	9
   354   00FFEA  6440               	cpfsgt	_tens^0,c
   355   00FFEC  EFFA  F07F         	goto	u641
   356   00FFF0  EFFC  F07F         	goto	u640
   357   00FFF4                     u641:
   358   00FFF4  EFCE  F07F         	goto	l1361
   359   00FFF8                     u640:
   360   00FFF8  EFCC  F07F         	goto	l1355
   361   00FFFC  EF00  F000         	goto	start
   362   010000                     __end_of_main:
   363                           	callstack 0
   364                           
   365 ;; *************** function _application_initialize *****************
   366 ;; Defined at:
   367 ;;		line 29 in file "application.c"
   368 ;; Parameters:    Size  Location     Type
   369 ;;		None
   370 ;; Auto vars:     Size  Location     Type
   371 ;;  ret             1    0        unsigned char 
   372 ;; Return value:  Size  Location     Type
   373 ;;                  1    wreg      void 
   374 ;; Registers used:
   375 ;;		wreg, fsr2l, fsr2h, status,2, status,0, prodl, prodh, cstack
   376 ;; Tracked objects:
   377 ;;		On entry : 0/0
   378 ;;		On exit  : 0/0
   379 ;;		Unchanged: 0/0
   380 ;; Data sizes:     COMRAM   BANK0   BANK1   BANK2   BANK3   BANK4   BANK5   BANK6   BANK7   BANK8   BANK9  BANK10  BANK1
      +1  BANK12  BANK13  BANK14  BANK15
   381 ;;      Params:         0       0       0       0       0       0       0       0       0       0       0       0       
      +0       0       0       0       0
   382 ;;      Locals:         0       0       0       0       0       0       0       0       0       0       0       0       
      +0       0       0       0       0
   383 ;;      Temps:          0       0       0       0       0       0       0       0       0       0       0       0       
      +0       0       0       0       0
   384 ;;      Totals:         0       0       0       0       0       0       0       0       0       0       0       0       
      +0       0       0       0       0
   385 ;;Total ram usage:        0 bytes
   386 ;; Hardware stack levels used: 1
   387 ;; Hardware stack levels required when called: 1
   388 ;; This function calls:
   389 ;;		_gpio_port_direction_intialize
   390 ;;		_gpio_port_write_logic
   391 ;; This function is called by:
   392 ;;		_main
   393 ;; This function uses a non-reentrant model
   394 ;;
   395                           
   396                           	psect	text1
   397   00FE66                     __ptext1:
   398                           	callstack 0
   399   00FE66                     _application_initialize:
   400                           	callstack 29
   401   00FE66  0E80               	movlw	128
   402   00FE68  6E3B               	movwf	gpio_port_direction_intialize@direction^0,c
   403   00FE6A  0E02               	movlw	2
   404   00FE6C  EC7C  F07F         	call	_gpio_port_direction_intialize
   405   00FE70  0E80               	movlw	128
   406   00FE72  6E3B               	movwf	gpio_port_direction_intialize@direction^0,c
   407   00FE74  0E03               	movlw	3
   408   00FE76  EC7C  F07F         	call	_gpio_port_direction_intialize
   409   00FE7A  0EC0               	movlw	192
   410   00FE7C  6E3B               	movwf	gpio_port_write_logic@logic^0,c
   411   00FE7E  0E02               	movlw	2
   412   00FE80  EC9F  F07F         	call	_gpio_port_write_logic
   413   00FE84  0EC0               	movlw	192
   414   00FE86  6E3B               	movwf	gpio_port_write_logic@logic^0,c
   415   00FE88  0E03               	movlw	3
   416   00FE8A  EC9F  F07F         	call	_gpio_port_write_logic
   417   00FE8E  0012               	return		;funcret
   418   00FE90                     __end_of_application_initialize:
   419                           	callstack 0
   420                           
   421 ;; *************** function _gpio_port_write_logic *****************
   422 ;; Defined at:
   423 ;;		line 181 in file "MCAL_Layer/GPIO/hal_gpio.c"
   424 ;; Parameters:    Size  Location     Type
   425 ;;  port            1    wreg     enum E2819
   426 ;;  logic           1    0[COMRAM] unsigned char 
   427 ;; Auto vars:     Size  Location     Type
   428 ;;  port            1    4[COMRAM] enum E2819
   429 ;;  ret             1    3[COMRAM] unsigned char 
   430 ;; Return value:  Size  Location     Type
   431 ;;                  1    wreg      unsigned char 
   432 ;; Registers used:
   433 ;;		wreg, fsr2l, fsr2h, status,2, status,0, prodl, prodh
   434 ;; Tracked objects:
   435 ;;		On entry : 0/0
   436 ;;		On exit  : 0/0
   437 ;;		Unchanged: 0/0
   438 ;; Data sizes:     COMRAM   BANK0   BANK1   BANK2   BANK3   BANK4   BANK5   BANK6   BANK7   BANK8   BANK9  BANK10  BANK1
      +1  BANK12  BANK13  BANK14  BANK15
   439 ;;      Params:         1       0       0       0       0       0       0       0       0       0       0       0       
      +0       0       0       0       0
   440 ;;      Locals:         2       0       0       0       0       0       0       0       0       0       0       0       
      +0       0       0       0       0
   441 ;;      Temps:          2       0       0       0       0       0       0       0       0       0       0       0       
      +0       0       0       0       0
   442 ;;      Totals:         5       0       0       0       0       0       0       0       0       0       0       0       
      +0       0       0       0       0
   443 ;;Total ram usage:        5 bytes
   444 ;; Hardware stack levels used: 1
   445 ;; This function calls:
   446 ;;		Nothing
   447 ;; This function is called by:
   448 ;;		_main
   449 ;;		_application_initialize
   450 ;; This function uses a non-reentrant model
   451 ;;
   452                           
   453                           	psect	text2
   454   00FF3E                     __ptext2:
   455                           	callstack 0
   456   00FF3E                     _gpio_port_write_logic:
   457                           	callstack 30
   458                           
   459                           ;incstack = 0
   460                           ;gpio_port_write_logic@port stored from wreg
   461   00FF3E  6E3F               	movwf	gpio_port_write_logic@port^0,c
   462   00FF40                     
   463                           ;MCAL_Layer/GPIO/hal_gpio.c: 182:     Std_ReturnType ret = (Std_ReturnType)0x01;
   464   00FF40  0E01               	movlw	1
   465   00FF42  6E3E               	movwf	gpio_port_write_logic@ret^0,c
   466   00FF44                     
   467                           ;MCAL_Layer/GPIO/hal_gpio.c: 183:       if((logic== ((void*)0)) && (port > 5 -1)){
   468   00FF44  503B               	movf	gpio_port_write_logic@logic^0,w,c
   469   00FF46  A4D8               	btfss	status,2,c
   470   00FF48  EFA8  F07F         	goto	u611
   471   00FF4C  EFAA  F07F         	goto	u610
   472   00FF50                     u611:
   473   00FF50  EFB6  F07F         	goto	l1335
   474   00FF54                     u610:
   475   00FF54  0E04               	movlw	4
   476   00FF56  643F               	cpfsgt	gpio_port_write_logic@port^0,c
   477   00FF58  EFB0  F07F         	goto	u621
   478   00FF5C  EFB2  F07F         	goto	u620
   479   00FF60                     u621:
   480   00FF60  EFB6  F07F         	goto	l1335
   481   00FF64                     u620:
   482   00FF64                     
   483                           ;MCAL_Layer/GPIO/hal_gpio.c: 184:      ret = (Std_ReturnType)0x00;
   484   00FF64  0E00               	movlw	0
   485   00FF66  6E3E               	movwf	gpio_port_write_logic@ret^0,c
   486                           
   487                           ;MCAL_Layer/GPIO/hal_gpio.c: 185:  }
   488   00FF68  EFC8  F07F         	goto	l1337
   489   00FF6C                     l1335:
   490                           
   491                           ;MCAL_Layer/GPIO/hal_gpio.c: 187:   *lat_registers[port] = logic;
   492   00FF6C  503F               	movf	gpio_port_write_logic@port^0,w,c
   493   00FF6E  0D02               	mullw	2
   494   00FF70  0E1F               	movlw	low _lat_registers
   495   00FF72  24F3               	addwf	243,w,c
   496   00FF74  6ED9               	movwf	fsr2l,c
   497   00FF76  0E00               	movlw	high _lat_registers
   498   00FF78  20F4               	addwfc	prodh,w,c
   499   00FF7A  6EDA               	movwf	fsr2h,c
   500   00FF7C  CFDE F03C          	movff	postinc2,??_gpio_port_write_logic
   501   00FF80  CFDD F03D          	movff	postdec2,??_gpio_port_write_logic+1
   502   00FF84  C03C  FFD9         	movff	??_gpio_port_write_logic,fsr2l
   503   00FF88  C03D  FFDA         	movff	??_gpio_port_write_logic+1,fsr2h
   504   00FF8C  C03B  FFDF         	movff	gpio_port_write_logic@logic,indf2
   505   00FF90                     l1337:
   506                           
   507                           ;MCAL_Layer/GPIO/hal_gpio.c: 189:     return ret;
   508   00FF90  503E               	movf	gpio_port_write_logic@ret^0,w,c
   509   00FF92  0012               	return		;funcret
   510   00FF94                     __end_of_gpio_port_write_logic:
   511                           	callstack 0
   512                           
   513 ;; *************** function _gpio_port_direction_intialize *****************
   514 ;; Defined at:
   515 ;;		line 146 in file "MCAL_Layer/GPIO/hal_gpio.c"
   516 ;; Parameters:    Size  Location     Type
   517 ;;  port            1    wreg     enum E2819
   518 ;;  direction       1    0[COMRAM] unsigned char 
   519 ;; Auto vars:     Size  Location     Type
   520 ;;  port            1    4[COMRAM] enum E2819
   521 ;;  ret             1    3[COMRAM] unsigned char 
   522 ;; Return value:  Size  Location     Type
   523 ;;                  1    wreg      unsigned char 
   524 ;; Registers used:
   525 ;;		wreg, fsr2l, fsr2h, status,2, status,0, prodl, prodh
   526 ;; Tracked objects:
   527 ;;		On entry : 0/0
   528 ;;		On exit  : 0/0
   529 ;;		Unchanged: 0/0
   530 ;; Data sizes:     COMRAM   BANK0   BANK1   BANK2   BANK3   BANK4   BANK5   BANK6   BANK7   BANK8   BANK9  BANK10  BANK1
      +1  BANK12  BANK13  BANK14  BANK15
   531 ;;      Params:         1       0       0       0       0       0       0       0       0       0       0       0       
      +0       0       0       0       0
   532 ;;      Locals:         2       0       0       0       0       0       0       0       0       0       0       0       
      +0       0       0       0       0
   533 ;;      Temps:          2       0       0       0       0       0       0       0       0       0       0       0       
      +0       0       0       0       0
   534 ;;      Totals:         5       0       0       0       0       0       0       0       0       0       0       0       
      +0       0       0       0       0
   535 ;;Total ram usage:        5 bytes
   536 ;; Hardware stack levels used: 1
   537 ;; This function calls:
   538 ;;		Nothing
   539 ;; This function is called by:
   540 ;;		_application_initialize
   541 ;; This function uses a non-reentrant model
   542 ;;
   543                           
   544                           	psect	text3
   545   00FEF8                     __ptext3:
   546                           	callstack 0
   547   00FEF8                     _gpio_port_direction_intialize:
   548                           	callstack 29
   549                           
   550                           ;incstack = 0
   551                           ;gpio_port_direction_intialize@port stored from wreg
   552   00FEF8  6E3F               	movwf	gpio_port_direction_intialize@port^0,c
   553   00FEFA                     
   554                           ;MCAL_Layer/GPIO/hal_gpio.c: 147:     Std_ReturnType ret = (Std_ReturnType)0x01;
   555   00FEFA  0E01               	movlw	1
   556   00FEFC  6E3E               	movwf	gpio_port_direction_intialize@ret^0,c
   557   00FEFE                     
   558                           ;MCAL_Layer/GPIO/hal_gpio.c: 148:     if(port > 5 -1){
   559   00FEFE  0E04               	movlw	4
   560   00FF00  643F               	cpfsgt	gpio_port_direction_intialize@port^0,c
   561   00FF02  EF85  F07F         	goto	u601
   562   00FF06  EF87  F07F         	goto	u600
   563   00FF0A                     u601:
   564   00FF0A  EF8B  F07F         	goto	l1321
   565   00FF0E                     u600:
   566   00FF0E                     
   567                           ;MCAL_Layer/GPIO/hal_gpio.c: 149:         ret = (Std_ReturnType)0x00;
   568   00FF0E  0E00               	movlw	0
   569   00FF10  6E3E               	movwf	gpio_port_direction_intialize@ret^0,c
   570                           
   571                           ;MCAL_Layer/GPIO/hal_gpio.c: 150:     }
   572   00FF12  EF9D  F07F         	goto	l1323
   573   00FF16                     l1321:
   574                           
   575                           ;MCAL_Layer/GPIO/hal_gpio.c: 152:     *tris_registers[port] = direction;
   576   00FF16  503F               	movf	gpio_port_direction_intialize@port^0,w,c
   577   00FF18  0D02               	mullw	2
   578   00FF1A  0E29               	movlw	low _tris_registers
   579   00FF1C  24F3               	addwf	243,w,c
   580   00FF1E  6ED9               	movwf	fsr2l,c
   581   00FF20  0E00               	movlw	high _tris_registers
   582   00FF22  20F4               	addwfc	prodh,w,c
   583   00FF24  6EDA               	movwf	fsr2h,c
   584   00FF26  CFDE F03C          	movff	postinc2,??_gpio_port_direction_intialize
   585   00FF2A  CFDD F03D          	movff	postdec2,??_gpio_port_direction_intialize+1
   586   00FF2E  C03C  FFD9         	movff	??_gpio_port_direction_intialize,fsr2l
   587   00FF32  C03D  FFDA         	movff	??_gpio_port_direction_intialize+1,fsr2h
   588   00FF36  C03B  FFDF         	movff	gpio_port_direction_intialize@direction,indf2
   589   00FF3A                     l1323:
   590                           
   591                           ;MCAL_Layer/GPIO/hal_gpio.c: 154:     return ret;
   592   00FF3A  503E               	movf	gpio_port_direction_intialize@ret^0,w,c
   593   00FF3C  0012               	return		;funcret
   594   00FF3E                     __end_of_gpio_port_direction_intialize:
   595                           	callstack 0
   596   000000                     
   597                           	psect	rparam
   598   000000                     
   599                           	psect	config
   600                           
   601                           ; Padding undefined space
   602   300000                     	org	3145728
   603   300000  FF                 	db	255
   604                           
   605                           ;Config register CONFIG1H @ 0x300001
   606                           ;	Oscillator Selection bits
   607                           ;	OSC = HS, HS oscillator
   608                           ;	Fail-Safe Clock Monitor Enable bit
   609                           ;	FCMEN = OFF, Fail-Safe Clock Monitor disabled
   610                           ;	Internal/External Oscillator Switchover bit
   611                           ;	IESO = OFF, Oscillator Switchover mode disabled
   612   300001                     	org	3145729
   613   300001  02                 	db	2
   614                           
   615                           ;Config register CONFIG2L @ 0x300002
   616                           ;	Power-up Timer Enable bit
   617                           ;	PWRT = OFF, PWRT disabled
   618                           ;	Brown-out Reset Enable bits
   619                           ;	BOREN = SBORDIS, Brown-out Reset enabled in hardware only (SBOREN is disabled)
   620                           ;	Brown Out Reset Voltage bits
   621                           ;	BORV = 3, Minimum setting
   622   300002                     	org	3145730
   623   300002  1F                 	db	31
   624                           
   625                           ;Config register CONFIG2H @ 0x300003
   626                           ;	Watchdog Timer Enable bit
   627                           ;	WDT = OFF, WDT disabled (control is placed on the SWDTEN bit)
   628                           ;	Watchdog Timer Postscale Select bits
   629                           ;	WDTPS = 32768, 1:32768
   630   300003                     	org	3145731
   631   300003  1E                 	db	30
   632                           
   633                           ; Padding undefined space
   634   300004                     	org	3145732
   635   300004  FF                 	db	255
   636                           
   637                           ;Config register CONFIG3H @ 0x300005
   638                           ;	CCP2 MUX bit
   639                           ;	CCP2MX = PORTC, CCP2 input/output is multiplexed with RC1
   640                           ;	PORTB A/D Enable bit
   641                           ;	PBADEN = OFF, PORTB<4:0> pins are configured as digital I/O on Reset
   642                           ;	Low-Power Timer1 Oscillator Enable bit
   643                           ;	LPT1OSC = OFF, Timer1 configured for higher power operation
   644                           ;	MCLR Pin Enable bit
   645                           ;	MCLRE = ON, MCLR pin enabled; RE3 input pin disabled
   646   300005                     	org	3145733
   647   300005  81                 	db	129
   648                           
   649                           ;Config register CONFIG4L @ 0x300006
   650                           ;	Stack Full/Underflow Reset Enable bit
   651                           ;	STVREN = ON, Stack full/underflow will cause Reset
   652                           ;	Single-Supply ICSP Enable bit
   653                           ;	LVP = OFF, Single-Supply ICSP disabled
   654                           ;	Extended Instruction Set Enable bit
   655                           ;	XINST = OFF, Instruction set extension and Indexed Addressing mode disabled (Legacy mo
      +                          de)
   656                           ;	Background Debugger Enable bit
   657                           ;	DEBUG = 0x1, unprogrammed default
   658   300006                     	org	3145734
   659   300006  81                 	db	129
   660                           
   661                           ; Padding undefined space
   662   300007                     	org	3145735
   663   300007  FF                 	db	255
   664                           
   665                           ;Config register CONFIG5L @ 0x300008
   666                           ;	Code Protection bit
   667                           ;	CP0 = OFF, Block 0 (000800-003FFFh) not code-protected
   668                           ;	Code Protection bit
   669                           ;	CP1 = OFF, Block 1 (004000-007FFFh) not code-protected
   670                           ;	Code Protection bit
   671                           ;	CP2 = OFF, Block 2 (008000-00BFFFh) not code-protected
   672                           ;	Code Protection bit
   673                           ;	CP3 = OFF, Block 3 (00C000-00FFFFh) not code-protected
   674   300008                     	org	3145736
   675   300008  0F                 	db	15
   676                           
   677                           ;Config register CONFIG5H @ 0x300009
   678                           ;	Boot Block Code Protection bit
   679                           ;	CPB = OFF, Boot block (000000-0007FFh) not code-protected
   680                           ;	Data EEPROM Code Protection bit
   681                           ;	CPD = OFF, Data EEPROM not code-protected
   682   300009                     	org	3145737
   683   300009  C0                 	db	192
   684                           
   685                           ;Config register CONFIG6L @ 0x30000A
   686                           ;	Write Protection bit
   687                           ;	WRT0 = OFF, Block 0 (000800-003FFFh) not write-protected
   688                           ;	Write Protection bit
   689                           ;	WRT1 = OFF, Block 1 (004000-007FFFh) not write-protected
   690                           ;	Write Protection bit
   691                           ;	WRT2 = OFF, Block 2 (008000-00BFFFh) not write-protected
   692                           ;	Write Protection bit
   693                           ;	WRT3 = OFF, Block 3 (00C000-00FFFFh) not write-protected
   694   30000A                     	org	3145738
   695   30000A  0F                 	db	15
   696                           
   697                           ;Config register CONFIG6H @ 0x30000B
   698                           ;	Configuration Register Write Protection bit
   699                           ;	WRTC = OFF, Configuration registers (300000-3000FFh) not write-protected
   700                           ;	Boot Block Write Protection bit
   701                           ;	WRTB = OFF, Boot Block (000000-0007FFh) not write-protected
   702                           ;	Data EEPROM Write Protection bit
   703                           ;	WRTD = OFF, Data EEPROM not write-protected
   704   30000B                     	org	3145739
   705   30000B  E0                 	db	224
   706                           
   707                           ;Config register CONFIG7L @ 0x30000C
   708                           ;	Table Read Protection bit
   709                           ;	EBTR0 = OFF, Block 0 (000800-003FFFh) not protected from table reads executed in other
      +                           blocks
   710                           ;	Table Read Protection bit
   711                           ;	EBTR1 = OFF, Block 1 (004000-007FFFh) not protected from table reads executed in other
      +                           blocks
   712                           ;	Table Read Protection bit
   713                           ;	EBTR2 = OFF, Block 2 (008000-00BFFFh) not protected from table reads executed in other
      +                           blocks
   714                           ;	Table Read Protection bit
   715                           ;	EBTR3 = OFF, Block 3 (00C000-00FFFFh) not protected from table reads executed in other
      +                           blocks
   716   30000C                     	org	3145740
   717   30000C  0F                 	db	15
   718                           
   719                           ;Config register CONFIG7H @ 0x30000D
   720                           ;	Boot Block Table Read Protection bit
   721                           ;	EBTRB = OFF, Boot Block (000000-0007FFh) not protected from table reads executed in ot
      +                          her blocks
   722   30000D                     	org	3145741
   723   30000D  40                 	db	64
   724                           tosu	equ	0xFFF
   725                           tosh	equ	0xFFE
   726                           tosl	equ	0xFFD
   727                           stkptr	equ	0xFFC
   728                           pclatu	equ	0xFFB
   729                           pclath	equ	0xFFA
   730                           pcl	equ	0xFF9
   731                           tblptru	equ	0xFF8
   732                           tblptrh	equ	0xFF7
   733                           tblptrl	equ	0xFF6
   734                           tablat	equ	0xFF5
   735                           prodh	equ	0xFF4
   736                           prodl	equ	0xFF3
   737                           indf0	equ	0xFEF
   738                           postinc0	equ	0xFEE
   739                           postdec0	equ	0xFED
   740                           preinc0	equ	0xFEC
   741                           plusw0	equ	0xFEB
   742                           fsr0h	equ	0xFEA
   743                           fsr0l	equ	0xFE9
   744                           wreg	equ	0xFE8
   745                           indf1	equ	0xFE7
   746                           postinc1	equ	0xFE6
   747                           postdec1	equ	0xFE5
   748                           preinc1	equ	0xFE4
   749                           plusw1	equ	0xFE3
   750                           fsr1h	equ	0xFE2
   751                           fsr1l	equ	0xFE1
   752                           bsr	equ	0xFE0
   753                           indf2	equ	0xFDF
   754                           postinc2	equ	0xFDE
   755                           postdec2	equ	0xFDD
   756                           preinc2	equ	0xFDC
   757                           plusw2	equ	0xFDB
   758                           fsr2h	equ	0xFDA
   759                           fsr2l	equ	0xFD9
   760                           status	equ	0xFD8

Data Sizes:
    Strings     0
    Constant    0
    Data        50
    BSS         8
    Persistent  1
    Stack       0

Auto Spaces:
    Space          Size  Autos    Used
    COMRAM          127      5      64
    BANK0           128      0       0
    BANK1           256      0       0
    BANK2           256      0       0
    BANK3           256      0       0
    BANK4           256      0       0
    BANK5           256      0       0
    BANK6           256      0       0
    BANK7           256      0       0
    BANK8           256      0       0
    BANK9           256      0       0
    BANK10          256      0       0
    BANK11          256      0       0
    BANK12          256      0       0
    BANK13          256      0       0
    BANK14          256      0       0
    BANK15          128      0       0

Pointer List with Targets:

    port_registers	PTR volatile unsigned char [5] size(2) Largest target is 1
		 -> PORTE(BITBIGSFRll[1]), PORTD(BITBIGSFRll[1]), PORTC(BITBIGSFRll[1]), PORTB(BITBIGSFRll[1]), 
		 -> PORTA(BITBIGSFRll[1]), 

    lat_registers	PTR volatile unsigned char [5] size(2) Largest target is 1
		 -> LATE(BITBIGSFRlh[1]), LATD(BITBIGSFRlh[1]), LATC(BITBIGSFRlh[1]), LATB(BITBIGSFRlh[1]), 
		 -> LATA(BITBIGSFRll[1]), 

    tris_registers	PTR volatile unsigned char [5] size(2) Largest target is 1
		 -> TRISE(BITBIGSFRh[1]), TRISD(BITBIGSFRh[1]), TRISC(BITBIGSFRh[1]), TRISB(BITBIGSFRh[1]), 
		 -> TRISA(BITBIGSFRll[1]), 


Critical Paths under _main in COMRAM

    _main->_gpio_port_write_logic
    _application_initialize->_gpio_port_direction_intialize
    _application_initialize->_gpio_port_write_logic

Critical Paths under _main in BANK0

    None.

Critical Paths under _main in BANK1

    None.

Critical Paths under _main in BANK2

    None.

Critical Paths under _main in BANK3

    None.

Critical Paths under _main in BANK4

    None.

Critical Paths under _main in BANK5

    None.

Critical Paths under _main in BANK6

    None.

Critical Paths under _main in BANK7

    None.

Critical Paths under _main in BANK8

    None.

Critical Paths under _main in BANK9

    None.

Critical Paths under _main in BANK10

    None.

Critical Paths under _main in BANK11

    None.

Critical Paths under _main in BANK12

    None.

Critical Paths under _main in BANK13

    None.

Critical Paths under _main in BANK14

    None.

Critical Paths under _main in BANK15

    None.

Call Graph Tables:

 ---------------------------------------------------------------------------------
 (Depth) Function   	        Calls       Base Space   Used Autos Params    Refs
 ---------------------------------------------------------------------------------
 (0) _main                                                 1     1      0    1082
             _application_initialize
              _gpio_port_write_logic
 ---------------------------------------------------------------------------------
 (1) _application_initialize                               1     1      0     663
      _gpio_port_direction_intialize
              _gpio_port_write_logic
 ---------------------------------------------------------------------------------
 (1) _gpio_port_write_logic                                5     4      1     416
                                              0 COMRAM     5     4      1
 ---------------------------------------------------------------------------------
 (2) _gpio_port_direction_intialize                        5     4      1     242
                                              0 COMRAM     5     4      1
 ---------------------------------------------------------------------------------
 Estimated maximum stack depth 2
 ---------------------------------------------------------------------------------

 Call Graph Graphs:

 _main (ROOT)
   _application_initialize
     _gpio_port_direction_intialize
     _gpio_port_write_logic
   _gpio_port_write_logic

 Address spaces:
Name               Size   Autos  Total    Cost      Usage
BIGRAM             F7F      0       0      40        0.0%
EEDATA             400      0       0       0        0.0%
BITBANK14          100      0       0      32        0.0%
BANK14             100      0       0      33        0.0%
BITBANK13          100      0       0      30        0.0%
BANK13             100      0       0      31        0.0%
BITBANK12          100      0       0      28        0.0%
BANK12             100      0       0      29        0.0%
BITBANK11          100      0       0      26        0.0%
BANK11             100      0       0      27        0.0%
BITBANK10          100      0       0      24        0.0%
BANK10             100      0       0      25        0.0%
BITBANK9           100      0       0      22        0.0%
BANK9              100      0       0      23        0.0%
BITBANK8           100      0       0      20        0.0%
BANK8              100      0       0      21        0.0%
BITBANK7           100      0       0      18        0.0%
BANK7              100      0       0      19        0.0%
BITBANK6           100      0       0      16        0.0%
BANK6              100      0       0      17        0.0%
BITBANK5           100      0       0      14        0.0%
BANK5              100      0       0      15        0.0%
BITBANK4           100      0       0      12        0.0%
BANK4              100      0       0      13        0.0%
BITBANK3           100      0       0      10        0.0%
BANK3              100      0       0      11        0.0%
BITBANK2           100      0       0       8        0.0%
BANK2              100      0       0       9        0.0%
BITBANK1           100      0       0       6        0.0%
BANK1              100      0       0       7        0.0%
BITBANK15           80      0       0      34        0.0%
BANK15              80      0       0      35        0.0%
BITBANK0            80      0       0       4        0.0%
BANK0               80      0       0       5        0.0%
BITCOMRAM           7F      0       0       0        0.0%
COMRAM              7F      5      40       1       50.4%
BITBIGSFRh          69      0       0      36        0.0%
BITBIGSFRlh          4      0       0      37        0.0%
BITBIGSFRll          4      0       0      38        0.0%
BIGSFR               0      0       0     200        0.0%
BITSFR               0      0       0     200        0.0%
SFR                  0      0       0     200        0.0%
STACK                0      0       0       2        0.0%
NULL                 0      0       0       0        0.0%
ABS                  0      0      40      39        0.0%
DATA                 0      0      40       3        0.0%
CODE                 0      0       0       0        0.0%


Microchip Technology PIC18 Macro Assembler V2.41 build 20230208172133 
Symbol Table                                                                                   Thu Oct 26 15:21:44 2023

                                   l200 FF3C                                     l210 FF92  
                                   l251 FE8E                                     u600 FF0E  
                                   u601 FF0A                                     u610 FF54  
                                   u611 FF50                                     u620 FF64  
                                   u621 FF60                                     u630 FFD0  
                                   u631 FFCC                                     u640 FFF8  
                                   u641 FFF4                                     u657 FFB8  
                                   prod 0FF3                     led_initialize@F2881 003A  
                                   wreg 0FE8                                    l1321 FF16  
                                  l1323 FF3A                                    l1315 FEFA  
                                  l1331 FF54                                    l1317 FEFE  
                                  l1333 FF64                                    l1341 FE66  
                                  l1319 FF0E                                    l1335 FF6C  
                                  l1327 FF40                                    l1343 FE66  
                                  l1351 FF94                                    l1337 FF90  
                                  l1329 FF44                                    l1345 FE70  
                                  l1361 FF9C                                    l1353 FF94  
                                  l1347 FE7A                                    l1371 FFBE  
                                  l1355 FF98                                    l1349 FE84  
                                  l1373 FFC0                                    l1375 FFD0  
                                  l1367 FFA0                                    l1377 FFE6  
                                  l1369 FFB6                                    l1379 FFE8  
                                  _LATA 0F89                                    _LATB 0F8A  
                                  _LATC 0F8B                                    _LATD 0F8C  
                                  _LATE 0F8D                                    _main FF94  
                                  _ones 0033                                    _tens 0040  
                                  fsr2h 0FDA                                    indf2 0FDF  
                                  fsr1l 0FE1                                    fsr2l 0FD9  
                                  prodl 0FF3                                    start 0000  
                          ___param_bank 0000                   _gpio_port_write_logic FF3E  
                                 ?_main 003B                ??_application_initialize 0040  
                                 _PORTA 0F80                                   _PORTB 0F81  
                                 _PORTC 0F82                                   _PORTD 0F83  
                                 _PORTE 0F84                                   _TRISA 0F92  
                                 _TRISB 0F93                                   _TRISC 0F94  
                                 _TRISD 0F95                                   _TRISE 0F96  
                                 tablat 0FF5                                   status 0FD8  
gpio_port_direction_intialize@direction 003B                         __initialization FEC2  
                          __end_of_main 0000                           _lat_registers 001F  
                                ??_main 0040                           __activetblptr 0002  
                      led_turn_on@F2886 0039          ?_gpio_port_direction_intialize 003B  
                   Relay_Turn_OFF@F2885 0034               gpio_port_write_logic@port 003F  
                ?_gpio_port_write_logic 003B                                  clear_0 FEE8  
                                isa$std 0001                            __pdataCOMRAM 0001  
                                tblptrh 0FF7                                  tblptrl 0FF6  
                                tblptru 0FF8                              __accesstop 0080  
               __end_of__initialization FEEE                           ___rparam_used 0001  
                        __pcstackCOMRAM 003B                gpio_port_write_logic@ret 003E  
                _application_initialize FE66                              __pnvCOMRAM 0040  
                 Relay_Initialize@F2875 0036                       led_turn_off@F2891 0038  
                       led_toggle@F2896 0037                          _tris_registers 0029  
                               __Hparam 0000                                 __Lparam 0000  
                               __pcinit FEC2                                 __ramtop 1000  
                               __ptext0 FF94                                 __ptext1 FE66  
                               __ptext2 FF3E                                 __ptext3 FEF8  
                  end_of_initialization FEEE                           __Lmediumconst 0000  
       ??_gpio_port_direction_intialize 003C                 ??_gpio_port_write_logic 003C  
                               postdec1 0FE5                                 postdec2 0FDD  
                               postinc0 0FEE                                 postinc2 0FDE  
                         __pidataCOMRAM FE90                     start_initialization FEC2  
               ?_application_initialize 003B                      Relay_Turn_ON@F2880 0035  
 __end_of_gpio_port_direction_intialize FF3E           _gpio_port_direction_intialize FEF8  
     gpio_port_direction_intialize@port 003F                             __pbssCOMRAM 0033  
        __end_of_application_initialize FE90                    _Segment_common_anode 000B  
         __end_of_gpio_port_write_logic FF94                               copy_data0 FED6  
                              __Hrparam 0000                                __Lrparam 0000  
      gpio_port_direction_intialize@ret 003E                                isa$xinst 0000  
                _Segment_common_cathode 0001                          _port_registers 0015  
            gpio_port_write_logic@logic 003B  
